C:\USERS\AK0061\DOWNLOADS\BOOK_DATABASE\BOOK_DATABASE\DEBUG\MAIN.OBJ
C:\USERS\AK0061\DOWNLOADS\BOOK_DATABASE\BOOK_DATABASE\DEBUG\BOOKRECORD.OBJ
C:\USERS\AK0061\DOWNLOADS\BOOK_DATABASE\BOOK_DATABASE\DEBUG\VC110.PDB
C:\USERS\AK0061\DOWNLOADS\BOOK_DATABASE\BOOK_DATABASE\DEBUG\BOOK_DATABASE.OBJ
C:\USERS\AK0061\DOWNLOADS\BOOK_DATABASE\DEBUG\BOOK_DATABASE.ILK
C:\USERS\AK0061\DOWNLOADS\BOOK_DATABASE\DEBUG\BOOK_DATABASE.EXE
C:\USERS\AK0061\DOWNLOADS\BOOK_DATABASE\DEBUG\BOOK_DATABASE.PDB
C:\Users\ak0061\Downloads\Book_Database\Book_Database\Debug\BookRecord.obj
C:\Users\ak0061\Downloads\Book_Database\Book_Database\Debug\Book_Database.obj
C:\Users\ak0061\Downloads\Book_Database\Book_Database\Debug\Main.obj
C:\Users\ak0061\Downloads\Book_Database\Book_Database\Debug\cl.command.1.tlog
C:\Users\ak0061\Downloads\Book_Database\Book_Database\Debug\CL.read.1.tlog
C:\Users\ak0061\Downloads\Book_Database\Book_Database\Debug\CL.write.1.tlog
C:\Users\ak0061\Downloads\Book_Database\Book_Database\Debug\link-cvtres.read.1.tlog
C:\Users\ak0061\Downloads\Book_Database\Book_Database\Debug\link-cvtres.write.1.tlog
C:\Users\ak0061\Downloads\Book_Database\Book_Database\Debug\link-rc.read.1.tlog
C:\Users\ak0061\Downloads\Book_Database\Book_Database\Debug\link-rc.write.1.tlog
C:\Users\ak0061\Downloads\Book_Database\Book_Database\Debug\link.command.1.tlog
C:\Users\ak0061\Downloads\Book_Database\Book_Database\Debug\link.read.1.tlog
C:\Users\ak0061\Downloads\Book_Database\Book_Database\Debug\link.write.1.tlog
C:\Users\ak0061\Downloads\Book_Database\Book_Database\Debug\vc110.idb
C:\Users\ak0061\Downloads\Book_Database\Book_Database\Debug\vc110.pdb
C:\Users\ak0061\Downloads\Book_Database\Debug\Book_Database.pdb
C:\Users\ak0061\Downloads\Book_Database\Debug\Book_Database.exe
C:\Users\ak0061\Downloads\Book_Database\Debug\Book_Database.ilk
